[:01000001] LAUNCH logger ./township.log
[:01000002] LAUNCH snlua bootstrap
[:01000003] LAUNCH snlua launcher
[:01000004] LAUNCH snlua cmaster
[:01000004] master listen socket 0.0.0.0:2013
[:01000005] LAUNCH snlua cslave
[:01000005] slave connect to master 127.0.0.1:2013
[:01000004] connect from 127.0.0.1:59534 4
[:01000006] LAUNCH harbor 1 16777221
[:01000004] Harbor 1 (fd=4) report 127.0.0.1:2526
[:01000005] Waiting for 0 harbors
[:01000005] Shakehand ready
[:01000007] LAUNCH snlua datacenterd
[:01000008] LAUNCH snlua service_mgr
[:01000009] LAUNCH snlua main
[:01000009] lua loader error : ./skynet/lualib/loader.lua:24: cannot open ./server/main.lua: No such file or directory
cannot open ./skynet/service/main.lua: No such file or directory
stack traceback:
	[C]: in function 'error'
	./skynet/lualib/loader.lua:24: in main chunk
[:01000009] KILL self
[:01000002] KILL self
